<?xml version="1.0" encoding="UTF-8"?>
<robot generator="Robot 5.0.1 (Python 3.9.13 on win32)" generated="20230810 22:58:49.243" rpa="true" schemaversion="3">
<suite id="s1" name="Inhuman-Insurance-Inc-Ais-Robot" source="c:\Users\nopac\OneDrive\Desktop\Robocorp\inhuman-insurance-inc-ais-robot">
<suite id="s1-s1" name="Consumer" source="c:\Users\nopac\OneDrive\Desktop\Robocorp\inhuman-insurance-inc-ais-robot\consumer.robot">
<test id="s1-s1-t1" name="Consume traffic data work items" line="7">
<kw name="Log" library="BuiltIn">
<arg>Done.</arg>
<doc>Logs the given message with the given level.</doc>
<msg timestamp="20230810 22:58:49.328" level="INFO">Done.</msg>
<status status="PASS" starttime="20230810 22:58:49.328" endtime="20230810 22:58:49.328"/>
</kw>
<status status="PASS" starttime="20230810 22:58:49.328" endtime="20230810 22:58:49.328"/>
</test>
<doc>Inhuman Insurance, Inc. Artificial Intelligence System robot.
Consumes traffic data work items.</doc>
<status status="PASS" starttime="20230810 22:58:49.320" endtime="20230810 22:58:49.336"/>
</suite>
<status status="PASS" starttime="20230810 22:58:49.248" endtime="20230810 22:58:49.336"/>
</suite>
<statistics>
<total>
<stat pass="1" fail="0" skip="0">All Tasks</stat>
</total>
<tag>
</tag>
<suite>
<stat pass="1" fail="0" skip="0" id="s1" name="Inhuman-Insurance-Inc-Ais-Robot">Inhuman-Insurance-Inc-Ais-Robot</stat>
<stat pass="1" fail="0" skip="0" id="s1-s1" name="Consumer">Inhuman-Insurance-Inc-Ais-Robot.Consumer</stat>
</suite>
</statistics>
<errors>
</errors>
</robot>
